2025-09-04T18:35:43.171Z [info]
[search-channels-scraper-xxx]
Starting scraper

2025-09-04T18:35:43.296Z [info]
[search-channels-scraper-xxx:search-query-processor]
Processing query: comminglement

2025-09-04T18:35:43.297Z [info]
[search-channels-scraper-xxx:youtube-api-search-channels]
Searching for channels: comminglement

2025-09-04T18:35:43.298Z [info]
[search-channels-scraper-xxx:http-client]
GET to https://www.youtube.com/results?search_query=comminglement&sp=EgIQAg==

2025-09-04T18:35:43.945Z [info]
[search-channels-scraper-xxx:youtube-api-search-channels]
No channels found for query: comminglement from initial search

2025-09-04T18:35:44.026Z [info]
[search-channels-scraper-xxx:search-query-processor]
Processing query: commingler

2025-09-04T18:35:44.028Z [info]
[search-channels-scraper-xxx:youtube-api-search-channels]
Searching for channels: commingler

2025-09-04T18:35:45.302Z [info]
[search-channels-scraper-xxx:http-client]
GET to https://www.youtube.com/results?search_query=commingler&sp=EgIQAg==

2025-09-04T18:35:45.660Z [info]
[search-channels-scraper-xxx:youtube-api-search-channels]
No channels found for query: commingler from initial search

2025-09-04T18:35:45.734Z [info]
[search-channels-scraper-xxx:search-query-processor]
Processing query: commingles

2025-09-04T18:35:45.735Z [info]
[search-channels-scraper-xxx:youtube-api-search-channels]
Searching for channels: commingles

2025-09-04T18:35:47.306Z [info]
[search-channels-scraper-xxx:http-client]
GET to https://www.youtube.com/results?search_query=commingles&sp=EgIQAg==

2025-09-04T18:35:47.683Z [info]
[search-channels-scraper-xxx:youtube-api-search-channels]
Found 4 channels for query: commingles from initial search

2025-09-04T18:35:47.686Z [info]
[search-channels-scraper-xxx:search-query-processor]
Processing 4 channels from query commingles

2025-09-04T18:35:47.687Z [info]
[search-channels-scraper-xxx:search-query-processor]
0/4 channels meet the subs count filter criteria.

2025-09-04T18:35:47.689Z [info]
[search-channels-scraper-xxx:youtube-api-search-channels]
Searching for more channels for query: commingles.

2025-09-04T18:35:49.306Z [info]
[search-channels-scraper-xxx:http-client]
POST to https://www.youtube.com/youtubei/v1/search?prettyPrint=false

2025-09-04T18:35:49.596Z [info]
[search-channels-scraper-xxx:youtube-api-search-channels]
No channels found for query: commingles from continuation search

2025-09-04T18:35:49.713Z [info]
[search-channels-scraper-xxx:search-query-processor]
Processing query: commingling

2025-09-04T18:35:49.715Z [info]
[search-channels-scraper-xxx:youtube-api-search-channels]
Searching for channels: commingling

